[debug] [2026-05-26T13:14:40.456Z] ----------------------------------------------------------------------
[debug] [2026-05-26T13:14:40.462Z] Command:       C:\Program Files\nodejs\node.exe C:\Users\ASUS\AppData\Roaming\npm\node_modules\firebase-tools\lib\bin\firebase.js init
[debug] [2026-05-26T13:14:40.463Z] CLI Version:   15.18.0
[debug] [2026-05-26T13:14:40.463Z] Platform:      win32
[debug] [2026-05-26T13:14:40.464Z] Node Version:  v24.14.0
[debug] [2026-05-26T13:14:40.464Z] Time:          Tue May 26 2026 16:14:40 GMT+0300 (Türkiye Standart Saati)
[debug] [2026-05-26T13:14:40.464Z] ----------------------------------------------------------------------
[debug] 
[info] 
     ######## #### ########  ######## ########     ###     ######  ########
     ##        ##  ##     ## ##       ##     ##  ##   ##  ##       ##
     ######    ##  ########  ######   ########  #########  ######  ######
     ##        ##  ##    ##  ##       ##     ## ##     ##       ## ##
     ##       #### ##     ## ######## ########  ##     ##  ######  ########

You're about to initialize a Firebase project in this directory:

  C:\GizliProjeler\BeCyber

Before we get started, keep in mind:

  * You are currently outside your home directory

[debug] [2026-05-26T13:20:31.158Z] ExitPromptError: User force closed the prompt with SIGINT
    at Interface.sigint (C:\Users\ASUS\AppData\Roaming\npm\node_modules\firebase-tools\node_modules\@inquirer\core\dist\commonjs\lib\create-prompt.js:101:37)
    at Interface.emit (node:events:508:28)
    at [_ttyWrite] [as _ttyWrite] (node:internal/readline/interface:1327:18)
    at ReadStream.onkeypress (node:internal/readline/interface:284:20)
    at ReadStream.emit (node:events:520:35)
    at emitKeys (node:internal/readline/utils:371:14)
    at emitKeys.next (<anonymous>)
    at ReadStream.onData (node:internal/readline/emitKeypressEvents:64:36)
    at ReadStream.emit (node:events:508:28)
    at addChunk (node:internal/streams/readable:563:12)
[error] 
[error] Error: An unexpected error has occurred.
